<?xml version="1.0" encoding="UTF-8"?>
<!-- Generated by org.testng.reporters.JUnitReportReporter -->
<testsuite hostname="DESKTOP-ARI1PTB" failures="0" tests="5" name="restAPI.Beeceptorposthook" time="2.979" errors="0" timestamp="2024-07-15T16:06:56 IST" skipped="4">
  <testcase classname="restAPI.Beeceptorposthook" name="getproject" time="2.979"/>
  <system-out/>
  <testcase classname="restAPI.Beeceptorposthook" name="ScheduleaHook">
    <skipped/>
  </testcase> <!-- ScheduleaHook -->
  <system-out/>
  <testcase classname="restAPI.Beeceptorposthook" name="getahookbyiD">
    <skipped/>
  </testcase> <!-- getahookbyiD -->
  <system-out/>
  <testcase classname="restAPI.Beeceptorposthook" name="deleteHookbyiD">
    <skipped/>
  </testcase> <!-- deleteHookbyiD -->
  <system-out/>
  <testcase classname="restAPI.Beeceptorposthook" name="GetHooks">
    <skipped/>
  </testcase> <!-- GetHooks -->
  <system-out/>
</testsuite> <!-- restAPI.Beeceptorposthook -->
